<?xml version="1.0" encoding="UTF-8"?>
<!-- Generated by org.testng.reporters.JUnitXMLReporter -->
<testsuite hostname="DESKTOP-9BO1O6A" ignored="0" name="Default test" tests="4" failures="0" timestamp="17 Feb 2021 17:25:53 GMT" time="3.845" errors="0">
  <testcase name="createTest" time="3.068" classname="com.rmgtest.project.GetOprationTest"/>
  <testcase name="getTest" time="0.188" classname="com.rmgtest.project.GetOprationTest"/>
  <testcase name="putTest" time="0.007" classname="com.rmgtest.project.GetOprationTest"/>
  <testcase name="deletTest" time="0.474" classname="com.rmgtest.project.GetOprationTest"/>
</testsuite> <!-- Default test -->
